C:\Program Files (x86)\Microsoft Visual Studio\2019\Community\MSBuild\Microsoft\VC\v160\Microsoft.CppBuild.targets(513,5): warning MSB8028: The intermediate directory (Debug\) contains files shared from another project (3D Physics - class5.vcxproj).  This can lead to incorrect clean and rebuild behavior.
  Application.cpp
C:\Program Files (x86)\Windows Kits\10\Include\10.0.22621.0\ucrt\corecrt_math_defines.h(28,1): warning C4005: 'M_PI': macro redefinition
C:\Users\maksymp\Documents\GitHub\GameEngine\Primal-Engine\SDL\include\SDL_stdinc.h(619): message : see previous definition of 'M_PI'
  Main.cpp
C:\Program Files (x86)\Windows Kits\10\Include\10.0.22621.0\ucrt\corecrt_math_defines.h(28,1): warning C4005: 'M_PI': macro redefinition
C:\Users\maksymp\Documents\GitHub\GameEngine\Primal-Engine\SDL\include\SDL_stdinc.h(619): message : see previous definition of 'M_PI'
  ModuleCamera3D.cpp
C:\Program Files (x86)\Windows Kits\10\Include\10.0.22621.0\ucrt\corecrt_math_defines.h(28,1): warning C4005: 'M_PI': macro redefinition
C:\Users\maksymp\Documents\GitHub\GameEngine\Primal-Engine\SDL\include\SDL_stdinc.h(619): message : see previous definition of 'M_PI'
  ModuleInput.cpp
C:\Program Files (x86)\Windows Kits\10\Include\10.0.22621.0\ucrt\corecrt_math_defines.h(28,1): warning C4005: 'M_PI': macro redefinition
C:\Users\maksymp\Documents\GitHub\GameEngine\Primal-Engine\SDL\include\SDL_stdinc.h(619): message : see previous definition of 'M_PI'
  ModuleRenderer3D.cpp
C:\Program Files (x86)\Windows Kits\10\Include\10.0.22621.0\ucrt\corecrt_math_defines.h(28,1): warning C4005: 'M_PI': macro redefinition
C:\Users\maksymp\Documents\GitHub\GameEngine\Primal-Engine\SDL\include\SDL_stdinc.h(619): message : see previous definition of 'M_PI'
  ModuleWindow.cpp
C:\Program Files (x86)\Windows Kits\10\Include\10.0.22621.0\ucrt\corecrt_math_defines.h(28,1): warning C4005: 'M_PI': macro redefinition
C:\Users\maksymp\Documents\GitHub\GameEngine\Primal-Engine\SDL\include\SDL_stdinc.h(619): message : see previous definition of 'M_PI'
  Generating Code...
  LINK : C:\Users\maksymp\Documents\GitHub\GameEngine\Primal-Engine\Debug\Primal-Engine.exe not found or not built by the last incremental link; performing full link
  3D Physics.vcxproj -> C:\Users\maksymp\Documents\GitHub\GameEngine\Primal-Engine\Debug\Primal-Engine.exe
