c:\users\maksymp\documents\github\primal-engine\primal-engine\debug\vc142.pdb
c:\users\maksymp\documents\github\primal-engine\primal-engine\debug\vc142.idb
c:\users\maksymp\documents\github\primal-engine\primal-engine\debug\frustum.obj
c:\users\maksymp\documents\github\primal-engine\primal-engine\debug\cylinder.obj
c:\users\maksymp\documents\github\primal-engine\primal-engine\debug\cone.obj
c:\users\maksymp\documents\github\primal-engine\primal-engine\debug\circle.obj
c:\users\maksymp\documents\github\primal-engine\primal-engine\debug\capsule.obj
c:\users\maksymp\documents\github\primal-engine\primal-engine\debug\aabb.obj
c:\users\maksymp\documents\github\primal-engine\primal-engine\debug\lcg.obj
c:\users\maksymp\documents\github\primal-engine\primal-engine\debug\main.obj
c:\users\maksymp\documents\github\primal-engine\primal-engine\debug\log.obj
c:\users\maksymp\documents\github\primal-engine\primal-engine\debug\light.obj
c:\users\maksymp\documents\github\primal-engine\primal-engine\debug\imgui_widgets.obj
c:\users\maksymp\documents\github\primal-engine\primal-engine\debug\imgui_tables.obj
c:\users\maksymp\documents\github\primal-engine\primal-engine\debug\imgui_draw.obj
c:\users\maksymp\documents\github\primal-engine\primal-engine\debug\imgui_demo.obj
c:\users\maksymp\documents\github\primal-engine\primal-engine\debug\imgui.obj
c:\users\maksymp\documents\github\primal-engine\primal-engine\debug\imgui_impl_sdl.obj
c:\users\maksymp\documents\github\primal-engine\primal-engine\debug\imgui_impl_opengl3.obj
c:\users\maksymp\documents\github\primal-engine\primal-engine\debug\glmath.obj
c:\users\maksymp\documents\github\primal-engine\primal-engine\debug\color.obj
c:\users\maksymp\documents\github\primal-engine\primal-engine\debug\application.obj
c:\users\maksymp\documents\github\primal-engine\primal-engine\debug\mathops.obj
c:\users\maksymp\documents\github\primal-engine\primal-engine\debug\mathlog.obj
c:\users\maksymp\documents\github\primal-engine\primal-engine\debug\mathfunc.obj
c:\users\maksymp\documents\github\primal-engine\primal-engine\debug\float4x4.obj
c:\users\maksymp\documents\github\primal-engine\primal-engine\debug\float4.obj
c:\users\maksymp\documents\github\primal-engine\primal-engine\debug\float3x4.obj
c:\users\maksymp\documents\github\primal-engine\primal-engine\debug\float3x3.obj
c:\users\maksymp\documents\github\primal-engine\primal-engine\debug\float3.obj
c:\users\maksymp\documents\github\primal-engine\primal-engine\debug\float2.obj
c:\users\maksymp\documents\github\primal-engine\primal-engine\debug\bitops.obj
c:\users\maksymp\documents\github\primal-engine\primal-engine\debug\trianglemesh.obj
c:\users\maksymp\documents\github\primal-engine\primal-engine\debug\triangle.obj
c:\users\maksymp\documents\github\primal-engine\primal-engine\debug\sphere.obj
c:\users\maksymp\documents\github\primal-engine\primal-engine\debug\ray.obj
c:\users\maksymp\documents\github\primal-engine\primal-engine\debug\polyhedron.obj
c:\users\maksymp\documents\github\primal-engine\primal-engine\debug\polygon.obj
c:\users\maksymp\documents\github\primal-engine\primal-engine\debug\plane.obj
c:\users\maksymp\documents\github\primal-engine\primal-engine\debug\obb.obj
c:\users\maksymp\documents\github\primal-engine\primal-engine\debug\linesegment.obj
c:\users\maksymp\documents\github\primal-engine\primal-engine\debug\line.obj
c:\users\maksymp\documents\github\primal-engine\primal-engine\debug\timer.obj
c:\users\maksymp\documents\github\primal-engine\primal-engine\debug\primitive.obj
c:\users\maksymp\documents\github\primal-engine\primal-engine\debug\modulewindow.obj
c:\users\maksymp\documents\github\primal-engine\primal-engine\debug\moduleinput.obj
c:\users\maksymp\documents\github\primal-engine\primal-engine\debug\moduleeditor.obj
c:\users\maksymp\documents\github\primal-engine\primal-engine\debug\modulecamera3d.obj
c:\users\maksymp\documents\github\primal-engine\primal-engine\debug\clock.obj
c:\users\maksymp\documents\github\primal-engine\primal-engine\debug\transformops.obj
c:\users\maksymp\documents\github\primal-engine\primal-engine\debug\ssemath.obj
c:\users\maksymp\documents\github\primal-engine\primal-engine\debug\quat.obj
c:\users\maksymp\documents\github\primal-engine\primal-engine\debug\polynomial.obj
c:\users\maksymp\documents\github\primal-engine\primal-engine\debug\primal-engine.tlog\cl.command.1.tlog
c:\users\maksymp\documents\github\primal-engine\primal-engine\debug\primal-engine.tlog\cl.read.1.tlog
c:\users\maksymp\documents\github\primal-engine\primal-engine\debug\primal-engine.tlog\cl.write.1.tlog
